Arguments: 
  C:\Program Files\nodejs\node.exe C:\Users\huan\AppData\Roaming\npm\node_modules\yarn\bin\yarn.js init

PATH: 
  C:\Users\huan\AppData\Roaming\SPB_Data\bin;C:\Program Files\Git\mingw64\bin;C:\Program Files\Git\usr\local\bin;C:\Program Files\Git\usr\bin;C:\Program Files\Git\usr\bin;C:\Program Files\Git\mingw64\bin;C:\Program Files\Git\usr\bin;C:\Users\huan\AppData\Roaming\SPB_Data\bin;C:\Program Files\NVIDIA GPU Computing Toolkit\CUDA\v10.0\bin;C:\Program Files\nodejs;C:\Users\cary huang\AppData\Local\Programs\Python\Python37\Scripts;C:\Windows\System32;C:\Program Files (x86)\Pulse Secure\VC142.CRT\X64;C:\Program Files (x86)\Pulse Secure\VC142.CRT\X86;C:\Users\huan\AppData\Local\Microsoft\WindowsApps;C:\Users\huan\AppData\Local\Programs\Microsoft VS Code\bin;C:\MinGW\bin;C:\Users\huan\AppData\Local\GitHubDesktop\bin;C:\Users\huan\AppData\Roaming\npm;C:\Windows\System32;C:\Windows\System32\Wbem;C:\Users\huan\anaconda3;C:\Users\huan\anaconda3\Scripts;C:\Program Files\Git\usr\bin\vendor_perl;C:\Program Files\Git\usr\bin\core_perl

Yarn version: 
  1.22.17

Node version: 
  14.18.1

Platform: 
  win32 x64

Trace: 
  Error: Can't answer a question unless a user TTY
      at ConsoleReporter.question (C:\Users\huan\AppData\Roaming\npm\node_modules\yarn\lib\cli.js:96935:59)
      at Object.<anonymous> (C:\Users\huan\AppData\Roaming\npm\node_modules\yarn\lib\cli.js:89125:38)
      at Generator.next (<anonymous>)
      at step (C:\Users\huan\AppData\Roaming\npm\node_modules\yarn\lib\cli.js:310:30)
      at C:\Users\huan\AppData\Roaming\npm\node_modules\yarn\lib\cli.js:321:13

npm manifest: 
  No manifest

yarn manifest: 
  No manifest

Lockfile: 
  No lockfile
